{"message":"Route found for /bar/ : controllers\\BarController/index","context":{"context":"Router","part":"getRouteUrlParts","extra":null},"level":200,"level_name":"INFO","channel":"s5ea07a287fd87","datetime":"2020-04-26T20:15:55.792459+02:00","extra":{}}
{"message":"No route found for /Admin/Logs/","context":{"context":"Router","part":"getRoute","extra":null},"level":300,"level_name":"WARNING","channel":"s5ea07a287fd87","datetime":"2020-04-26T20:15:59.575311+02:00","extra":{}}
{"message":"No route found for /Admin/Logs/","context":{"context":"Router","part":"getRoute","extra":null},"level":300,"level_name":"WARNING","channel":"s5ea07a287fd87","datetime":"2020-04-26T20:17:17.708101+02:00","extra":{}}
{"message":"No route found for /Admin/Logs/","context":{"context":"Router","part":"getRoute","extra":null},"level":300,"level_name":"WARNING","channel":"s5ea07a287fd87","datetime":"2020-04-26T20:17:22.957780+02:00","extra":{}}
{"message":"No route found for /Admin/Logs/","context":{"context":"Router","part":"getRoute","extra":null},"level":300,"level_name":"WARNING","channel":"s5ea07a287fd87","datetime":"2020-04-26T20:17:25.226668+02:00","extra":{}}
{"message":"No route found for /Admin/Logs/","context":{"context":"Router","part":"getRoute","extra":null},"level":300,"level_name":"WARNING","channel":"s5ea07a287fd87","datetime":"2020-04-26T20:19:21.880288+02:00","extra":{}}
{"message":"No route found for /Admin/Logs/","context":{"context":"Router","part":"getRoute","extra":null},"level":300,"level_name":"WARNING","channel":"s5ea07a287fd87","datetime":"2020-04-26T20:22:28.406862+02:00","extra":{}}
{"message":"No route found for /Admin/Logs/","context":{"context":"Router","part":"getRoute","extra":null},"level":300,"level_name":"WARNING","channel":"s5ea07a287fd87","datetime":"2020-04-26T20:25:12.133585+02:00","extra":{}}
{"message":"No route found for /Admin/Models/","context":{"context":"Router","part":"getRoute","extra":null},"level":300,"level_name":"WARNING","channel":"s5ea07a287fd87","datetime":"2020-04-26T21:12:15.047579+02:00","extra":{}}
{"message":"CSRF protector validation failure!","context":{"context":"Session","part":"startSession","extra":{"HOST":"127.0.0.1:8090","REQUEST_URI":"/bar/","REQUEST_METHOD":"GET","cookie":{"s5ea07a287fd87":"1pebdjr9duphg2vfe9dfuqhkv7","9J3MoBz8ee4Ic21dRjs-y_mLK8w4fL4cLPS2SBu_XKo":"OFyvc2hWhjjFJUyyb0vObKqvK6zrE2A8ClrkUV4J5Fg3"}}},"level":400,"level_name":"ERROR","channel":"s5ea07a287fd87","datetime":"2020-04-26T20:15:55.789080+02:00","extra":{}}
{"message":"SELECT COUNT(*) FROM `user`","context":{"context":"Database","part":"prepareAndFetchColumn","extra":null},"level":200,"level_name":"INFO","channel":"s5ea07a287fd87","datetime":"2020-04-26T21:12:15.769388+02:00","extra":{}}
{"message":"No route found for /Admin/Logs/","context":{"context":"Router","part":"getRoute","extra":null},"level":300,"level_name":"WARNING","channel":"s5ea07a287fd87","datetime":"2020-04-26T21:12:17.911193+02:00","extra":{}}
{"message":"No route found for /Admin/Logs/","context":{"context":"Router","part":"getRoute","extra":null},"level":300,"level_name":"WARNING","channel":"s5ea07a287fd87","datetime":"2020-04-26T21:13:01.843098+02:00","extra":{}}
{"message":"No route found for /Admin/_logsRefresh/","context":{"context":"Router","part":"getRoute","extra":null},"level":300,"level_name":"WARNING","channel":"s5ea07a287fd87","datetime":"2020-04-26T23:39:16.642981+02:00","extra":{}}
{"message":"No route found for /Admin/_logsRefresh/","context":{"context":"Router","part":"getRoute","extra":null},"level":300,"level_name":"WARNING","channel":"s5ea07a287fd87","datetime":"2020-04-26T23:39:41.686775+02:00","extra":{}}
{"message":"Route found for /login/(index/)? : controllers\\AuthController/index","context":{"context":"Router","part":"getRouteUrlParts","extra":null},"level":200,"level_name":"INFO","channel":"s5ea07a287fd87","datetime":"2020-04-26T23:41:29.031264+02:00","extra":{}}
{"message":"Route found for /login/connect/ : controllers\\AuthController/connect","context":{"context":"Router","part":"getRouteUrlParts","extra":null},"level":200,"level_name":"INFO","channel":"s5ea07a287fd87","datetime":"2020-04-26T23:41:46.162329+02:00","extra":{}}
{"message":"Route found for /_default/ : controllers\\MainController/index","context":{"context":"Router","part":"getRouteUrlParts","extra":null},"level":200,"level_name":"INFO","channel":"s5ea07a287fd87","datetime":"2020-04-26T23:41:46.479059+02:00","extra":{}}
{"message":"Route found for /bar/ : controllers\\BarController/index","context":{"context":"Router","part":"getRouteUrlParts","extra":null},"level":200,"level_name":"INFO","channel":"s5ea07a287fd87","datetime":"2020-04-26T23:41:49.780412+02:00","extra":{}}
{"message":"Route found for /_default/ : controllers\\MainController/index","context":{"context":"Router","part":"getRouteUrlParts","extra":null},"level":200,"level_name":"INFO","channel":"s5ea07a287fd87","datetime":"2020-04-27T00:21:32.724603+02:00","extra":{}}
{"message":"No route found for /Admin/OAuth/","context":{"context":"Router","part":"getRoute","extra":null},"level":300,"level_name":"WARNING","channel":"s5ea07a287fd87","datetime":"2020-04-27T00:30:34.530007+02:00","extra":{}}
{"message":"No route found for /Admin/_addOAuthProviderFrm/","context":{"context":"Router","part":"getRoute","extra":null},"level":300,"level_name":"WARNING","channel":"s5ea07a287fd87","datetime":"2020-04-27T00:30:41.945735+02:00","extra":{}}
{"message":"No route found for /Admin/_newOAuthProviderFrm/Discord/","context":{"context":"Router","part":"getRoute","extra":null},"level":300,"level_name":"WARNING","channel":"s5ea07a287fd87","datetime":"2020-04-27T00:30:52.204005+02:00","extra":{}}
{"message":"No route found for /Admin/_submitProviderConfig/Discord/","context":{"context":"Router","part":"getRoute","extra":null},"level":300,"level_name":"WARNING","channel":"s5ea07a287fd87","datetime":"2020-04-27T00:31:49.099130+02:00","extra":{}}
{"message":"No route found for /Admin/_toggleOAuthProvider/Discord/","context":{"context":"Router","part":"getRoute","extra":null},"level":300,"level_name":"WARNING","channel":"s5ea07a287fd87","datetime":"2020-04-27T00:31:52.562122+02:00","extra":{}}
{"message":"No route found for /_testOauth/Discord/","context":{"context":"Router","part":"getRoute","extra":null},"level":300,"level_name":"WARNING","channel":"s5ea07a287fd87","datetime":"2020-04-27T00:31:58.089138+02:00","extra":{}}
{"message":"The controller `controllers\\_testOauth` doesn't exists! <br/>","context":{"context":"Startup","part":"runAction","extra":null},"level":300,"level_name":"WARNING","channel":"s5ea07a287fd87","datetime":"2020-04-27T00:31:58.090895+02:00","extra":{}}
{"message":"No route found for /Admin/_testOauth/Discord/","context":{"context":"Router","part":"getRoute","extra":null},"level":300,"level_name":"WARNING","channel":"s5ea07a287fd87","datetime":"2020-04-27T00:32:20.400465+02:00","extra":{}}
{"message":"No route found for /Admin/_testOauth/Discord/","context":{"context":"Router","part":"getRoute","extra":null},"level":300,"level_name":"WARNING","channel":"s5ea07a287fd87","datetime":"2020-04-27T00:32:33.032482+02:00","extra":{}}
{"message":"No route found for /_testOauth/Discord/","context":{"context":"Router","part":"getRoute","extra":null},"level":300,"level_name":"WARNING","channel":"s5ea07a287fd87","datetime":"2020-04-27T00:32:54.525498+02:00","extra":{}}
{"message":"The controller `controllers\\_testOauth` doesn't exists! <br/>","context":{"context":"Startup","part":"runAction","extra":null},"level":300,"level_name":"WARNING","channel":"s5ea07a287fd87","datetime":"2020-04-27T00:32:54.527407+02:00","extra":{}}
{"message":"No route found for /Admin/_testOauth/Discord/","context":{"context":"Router","part":"getRoute","extra":null},"level":300,"level_name":"WARNING","channel":"s5ea07a287fd87","datetime":"2020-04-27T00:33:01.857336+02:00","extra":{}}
{"message":"Route found for /login/terminate/ : controllers\\AuthController/terminate","context":{"context":"Router","part":"getRouteUrlParts","extra":null},"level":200,"level_name":"INFO","channel":"s5ea07a287fd87","datetime":"2020-04-27T00:33:07.716945+02:00","extra":{}}
{"message":"Route found for /login/(index/)? : controllers\\AuthController/index","context":{"context":"Router","part":"getRouteUrlParts","extra":null},"level":200,"level_name":"INFO","channel":"s5ea07a287fd87","datetime":"2020-04-27T00:33:10.034499+02:00","extra":{}}
{"message":"Route found for /Auth/login/(.+?)/ : controllers\\OAuthController/_oauth","context":{"context":"Router","part":"getRouteUrlParts","extra":null},"level":200,"level_name":"INFO","channel":"s5ea07a287fd87","datetime":"2020-04-27T00:33:24.668104+02:00","extra":{}}
{"message":"Route found for /login/(index/)? : controllers\\AuthController/index","context":{"context":"Router","part":"getRouteUrlParts","extra":null},"level":200,"level_name":"INFO","channel":"s5ea07a287fd87","datetime":"2020-04-27T00:33:37.560650+02:00","extra":{}}
{"message":"Route found for /Auth/login/(.+?)/ : controllers\\OAuthController/_oauth","context":{"context":"Router","part":"getRouteUrlParts","extra":null},"level":200,"level_name":"INFO","channel":"s5ea07a287fd87","datetime":"2020-04-27T00:36:03.670635+02:00","extra":{}}
{"message":"Route found for /Auth/login/(.+?)/ : controllers\\OAuthController/_oauth","context":{"context":"Router","part":"getRouteUrlParts","extra":null},"level":200,"level_name":"INFO","channel":"s5ea07a287fd87","datetime":"2020-04-27T00:36:08.240570+02:00","extra":{}}
{"message":"INSERT INTO `user` (`login`,`oauth`) VALUES(:login,:oauth)","context":{"context":"DAOUpdates","part":"insert","extra":null},"level":200,"level_name":"INFO","channel":"s5ea07a287fd87","datetime":"2020-04-27T00:36:09.648807+02:00","extra":{}}
{"message":"{\"login\":\"jc#9152\",\"oauth\":\"158e763816e8d09382efb2eabef10e23\"}","context":{"context":"DAOUpdates","part":"Key and values","extra":null},"level":200,"level_name":"INFO","channel":"s5ea07a287fd87","datetime":"2020-04-27T00:36:09.649836+02:00","extra":{}}
{"message":"Route found for /_default/ : controllers\\MainController/index","context":{"context":"Router","part":"getRouteUrlParts","extra":null},"level":200,"level_name":"INFO","channel":"s5ea07a287fd87","datetime":"2020-04-27T00:36:09.901500+02:00","extra":{}}
{"message":"No route found for /Admin/OAuth/","context":{"context":"Router","part":"getRoute","extra":null},"level":300,"level_name":"WARNING","channel":"s5ea07a287fd87","datetime":"2020-04-27T00:40:04.577957+02:00","extra":{}}
{"message":"No route found for /Admin/OAuth/","context":{"context":"Router","part":"getRoute","extra":null},"level":300,"level_name":"WARNING","channel":"s5ea07a287fd87","datetime":"2020-04-27T00:41:49.297952+02:00","extra":{}}
{"message":"No route found for /Admin/_runAction/","context":{"context":"Router","part":"getRoute","extra":null},"level":300,"level_name":"WARNING","channel":"s5ea07a287fd87","datetime":"2020-04-27T00:42:17.954092+02:00","extra":{}}
{"message":"No route found for /Admin/_runAction/frmGetParams/","context":{"context":"Router","part":"getRoute","extra":null},"level":300,"level_name":"WARNING","channel":"s5ea07a287fd87","datetime":"2020-04-27T00:42:25.189406+02:00","extra":{}}
{"message":"Route found for /Auth/login/(.+?)/ : controllers\\OAuthController/_oauth","context":{"context":"Router","part":"getRouteUrlParts","extra":null},"level":200,"level_name":"INFO","channel":"s5ea07a287fd87","datetime":"2020-04-27T00:42:25.342202+02:00","extra":{}}
{"message":"Route found for /_default/ : controllers\\MainController/index","context":{"context":"Router","part":"getRouteUrlParts","extra":null},"level":200,"level_name":"INFO","channel":"s5ea07a287fd87","datetime":"2020-04-27T00:42:25.708378+02:00","extra":{}}
{"message":"No route found for /Admin/_runAction/","context":{"context":"Router","part":"getRoute","extra":null},"level":300,"level_name":"WARNING","channel":"s5ea07a287fd87","datetime":"2020-04-27T00:42:33.672452+02:00","extra":{}}
{"message":"No route found for /Admin/_runAction/frmGetParams/","context":{"context":"Router","part":"getRoute","extra":null},"level":300,"level_name":"WARNING","channel":"s5ea07a287fd87","datetime":"2020-04-27T00:42:40.561794+02:00","extra":{}}
{"message":"Route found for /Auth/login/(.+?)/ : controllers\\OAuthController/_oauth","context":{"context":"Router","part":"getRouteUrlParts","extra":null},"level":200,"level_name":"INFO","channel":"s5ea07a287fd87","datetime":"2020-04-27T00:42:40.712819+02:00","extra":{}}
{"message":"No route found for /Admin/_testOauth/Google/","context":{"context":"Router","part":"getRoute","extra":null},"level":300,"level_name":"WARNING","channel":"s5ea07a287fd87","datetime":"2020-04-27T00:42:54.275338+02:00","extra":{}}
{"message":"No route found for /Admin/OAuth/","context":{"context":"Router","part":"getRoute","extra":null},"level":300,"level_name":"WARNING","channel":"s5ea07a287fd87","datetime":"2020-04-27T00:43:07.530031+02:00","extra":{}}
{"message":"No route found for /Admin/_testOauth/Google/","context":{"context":"Router","part":"getRoute","extra":null},"level":300,"level_name":"WARNING","channel":"s5ea07a287fd87","datetime":"2020-04-27T00:43:22.956220+02:00","extra":{}}
{"message":"No route found for /Admin/OAuth/","context":{"context":"Router","part":"getRoute","extra":null},"level":300,"level_name":"WARNING","channel":"s5ea07a287fd87","datetime":"2020-04-27T00:43:29.776196+02:00","extra":{}}
{"message":"No route found for /Admin/OAuth/","context":{"context":"Router","part":"getRoute","extra":null},"level":300,"level_name":"WARNING","channel":"s5ea07a287fd87","datetime":"2020-04-27T00:43:49.525502+02:00","extra":{}}
{"message":"No route found for /_testOauth/Google/","context":{"context":"Router","part":"getRoute","extra":null},"level":300,"level_name":"WARNING","channel":"s5ea07a287fd87","datetime":"2020-04-27T00:43:51.881277+02:00","extra":{}}
{"message":"The controller `controllers\\_testOauth` doesn't exists! <br/>","context":{"context":"Startup","part":"runAction","extra":null},"level":300,"level_name":"WARNING","channel":"s5ea07a287fd87","datetime":"2020-04-27T00:43:51.882954+02:00","extra":{}}
{"message":"No route found for /Admin/OAuth/","context":{"context":"Router","part":"getRoute","extra":null},"level":300,"level_name":"WARNING","channel":"s5ea07a287fd87","datetime":"2020-04-27T00:43:58.979731+02:00","extra":{}}
{"message":"No route found for /Admin/OAuth/","context":{"context":"Router","part":"getRoute","extra":null},"level":300,"level_name":"WARNING","channel":"s5ea07a287fd87","datetime":"2020-04-27T00:45:09.908506+02:00","extra":{}}
{"message":"No route found for /Admin/_testOauth/Google/","context":{"context":"Router","part":"getRoute","extra":null},"level":300,"level_name":"WARNING","channel":"s5ea07a287fd87","datetime":"2020-04-27T00:45:21.986126+02:00","extra":{}}
{"message":"No route found for /Admin/OAuth/","context":{"context":"Router","part":"getRoute","extra":null},"level":300,"level_name":"WARNING","channel":"s5ea07a287fd87","datetime":"2020-04-27T00:45:37.993157+02:00","extra":{}}
{"message":"No route found for /Admin/_testOauth/Google/","context":{"context":"Router","part":"getRoute","extra":null},"level":300,"level_name":"WARNING","channel":"s5ea07a287fd87","datetime":"2020-04-27T00:46:14.316996+02:00","extra":{}}
{"message":"No route found for /Admin/OAuth/","context":{"context":"Router","part":"getRoute","extra":null},"level":300,"level_name":"WARNING","channel":"s5ea07a287fd87","datetime":"2020-04-27T00:49:23.872927+02:00","extra":{}}
{"message":"No route found for /Admin/_testOauth/Google/","context":{"context":"Router","part":"getRoute","extra":null},"level":300,"level_name":"WARNING","channel":"s5ea07a287fd87","datetime":"2020-04-27T00:49:27.672103+02:00","extra":{}}
{"message":"No route found for /Admin/_testOauth/Google/","context":{"context":"Router","part":"getRoute","extra":null},"level":300,"level_name":"WARNING","channel":"s5ea07a287fd87","datetime":"2020-04-27T00:49:32.407904+02:00","extra":{}}
{"message":"No route found for /Admin/_runAction/","context":{"context":"Router","part":"getRoute","extra":null},"level":300,"level_name":"WARNING","channel":"s5ea07a287fd87","datetime":"2020-04-27T00:50:33.149507+02:00","extra":{}}
{"message":"No route found for /Admin/_runAction/frmGetParams/","context":{"context":"Router","part":"getRoute","extra":null},"level":300,"level_name":"WARNING","channel":"s5ea07a287fd87","datetime":"2020-04-27T00:51:19.375117+02:00","extra":{}}
{"message":"Route found for /Auth/login/(.+?)/ : controllers\\OAuthController/_oauth","context":{"context":"Router","part":"getRouteUrlParts","extra":null},"level":200,"level_name":"INFO","channel":"s5ea07a287fd87","datetime":"2020-04-27T00:51:19.528303+02:00","extra":{}}
{"message":"Route found for /_default/ : controllers\\MainController/index","context":{"context":"Router","part":"getRouteUrlParts","extra":null},"level":200,"level_name":"INFO","channel":"s5ea07a287fd87","datetime":"2020-04-27T00:51:19.738488+02:00","extra":{}}
{"message":"No route found for /Admin/OAuth/","context":{"context":"Router","part":"getRoute","extra":null},"level":300,"level_name":"WARNING","channel":"s5ea07a287fd87","datetime":"2020-04-27T00:51:31.692986+02:00","extra":{}}
{"message":"No route found for /Admin/_testOauth/Discord/","context":{"context":"Router","part":"getRoute","extra":null},"level":300,"level_name":"WARNING","channel":"s5ea07a287fd87","datetime":"2020-04-27T00:51:35.798031+02:00","extra":{}}
{"message":"No route found for /Admin/index/","context":{"context":"Router","part":"getRoute","extra":null},"level":300,"level_name":"WARNING","channel":"s5ea07a287fd87","datetime":"2020-04-27T00:53:25.646681+02:00","extra":{}}
{"message":"No route found for /Admin/Models/","context":{"context":"Router","part":"getRoute","extra":null},"level":300,"level_name":"WARNING","channel":"s5ea07a287fd87","datetime":"2020-04-27T00:53:32.358088+02:00","extra":{}}
{"message":"SELECT COUNT(*) FROM `user`","context":{"context":"Database","part":"prepareAndFetchColumn","extra":null},"level":200,"level_name":"INFO","channel":"s5ea07a287fd87","datetime":"2020-04-27T00:53:32.733911+02:00","extra":{}}
{"message":"No route found for /Admin/index/","context":{"context":"Router","part":"getRoute","extra":null},"level":300,"level_name":"WARNING","channel":"s5ea07a287fd87","datetime":"2020-04-27T00:53:34.977210+02:00","extra":{}}
{"message":"No route found for /Admin/Routes/","context":{"context":"Router","part":"getRoute","extra":null},"level":300,"level_name":"WARNING","channel":"s5ea07a287fd87","datetime":"2020-04-27T00:53:37.562336+02:00","extra":{}}
{"message":"No route found for /Admin/_initCacheRouter/","context":{"context":"Router","part":"getRoute","extra":null},"level":300,"level_name":"WARNING","channel":"s5ea07a287fd87","datetime":"2020-04-27T00:53:44.979293+02:00","extra":{}}
{"message":"No route found for /Admin/Routes/","context":{"context":"Router","part":"getRoute","extra":null},"level":300,"level_name":"WARNING","channel":"s5ea07a287fd87","datetime":"2020-04-27T00:54:14.055754+02:00","extra":{}}
{"message":"No route found for /Admin/_initCacheRouter/","context":{"context":"Router","part":"getRoute","extra":null},"level":300,"level_name":"WARNING","channel":"s5ea07a287fd87","datetime":"2020-04-27T00:54:23.119316+02:00","extra":{}}
{"message":"No route found for /Admin/Routes/","context":{"context":"Router","part":"getRoute","extra":null},"level":300,"level_name":"WARNING","channel":"s5ea07a287fd87","datetime":"2020-04-27T00:59:46.302001+02:00","extra":{}}
{"message":"No route found for /Admin/_initCacheRouter/","context":{"context":"Router","part":"getRoute","extra":null},"level":300,"level_name":"WARNING","channel":"s5ea07a287fd87","datetime":"2020-04-27T00:59:50.890123+02:00","extra":{}}
{"message":"No route found for /Admin/_initCacheRouter/","context":{"context":"Router","part":"getRoute","extra":null},"level":300,"level_name":"WARNING","channel":"s5ea07a287fd87","datetime":"2020-04-27T00:59:59.933653+02:00","extra":{}}
{"message":"No route found for /Admin/Routes/","context":{"context":"Router","part":"getRoute","extra":null},"level":300,"level_name":"WARNING","channel":"s5ea07a287fd87","datetime":"2020-04-27T01:02:10.160275+02:00","extra":{}}
{"message":"No route found for /Admin/_initCacheRouter/","context":{"context":"Router","part":"getRoute","extra":null},"level":300,"level_name":"WARNING","channel":"s5ea07a287fd87","datetime":"2020-04-27T01:02:24.747401+02:00","extra":{}}
{"message":"No route found for /Admin/_initCacheRouter/","context":{"context":"Router","part":"getRoute","extra":null},"level":300,"level_name":"WARNING","channel":"s5ea07a287fd87","datetime":"2020-04-27T01:03:51.669379+02:00","extra":{}}
{"message":"No route found for /Admin/index/","context":{"context":"Router","part":"getRoute","extra":null},"level":300,"level_name":"WARNING","channel":"s5ea07a287fd87","datetime":"2020-04-27T01:11:36.620006+02:00","extra":{}}
{"message":"No route found for /Admin/_indexCustomizing/","context":{"context":"Router","part":"getRoute","extra":null},"level":300,"level_name":"WARNING","channel":"s5ea07a287fd87","datetime":"2020-04-27T01:11:42.689924+02:00","extra":{}}
{"message":"No route found for /Admin/_indexCustomizingSubmit/","context":{"context":"Router","part":"getRoute","extra":null},"level":300,"level_name":"WARNING","channel":"s5ea07a287fd87","datetime":"2020-04-27T01:11:46.831907+02:00","extra":{}}
{"message":"No route found for /Admin/Git/","context":{"context":"Router","part":"getRoute","extra":null},"level":300,"level_name":"WARNING","channel":"s5ea07a287fd87","datetime":"2020-04-27T01:11:48.888698+02:00","extra":{}}
{"message":"No route found for /Admin/","context":{"context":"Router","part":"getRoute","extra":null},"level":300,"level_name":"WARNING","channel":"s5ea07a287fd87","datetime":"2020-04-27T12:28:26.291224+02:00","extra":{}}
{"message":"No route found for /Admin/Git/","context":{"context":"Router","part":"getRoute","extra":null},"level":300,"level_name":"WARNING","channel":"s5ea07a287fd87","datetime":"2020-04-27T12:28:34.694350+02:00","extra":{}}
{"message":"Route found for /_default/ : controllers\\MainController/index","context":{"context":"Router","part":"getRouteUrlParts","extra":null},"level":200,"level_name":"INFO","channel":"s5ea07a287fd87","datetime":"2020-05-01T18:19:23.823153+02:00","extra":{}}
{"message":"SQLSTATE[HY000] [1049] Unknown database 'oauth-test'","context":{"context":"DAO","part":null,"extra":null},"level":400,"level_name":"ERROR","channel":"s5ea07a287fd87","datetime":"2020-05-01T18:19:26.248624+02:00","extra":{}}
{"message":"Route found for /createDb/ : controllers\\MainController/createDb","context":{"context":"Router","part":"getRouteUrlParts","extra":null},"level":200,"level_name":"INFO","channel":"s5ea07a287fd87","datetime":"2020-05-01T18:19:35.252030+02:00","extra":{}}
{"message":"Start transaction","context":{"context":"Transactions","part":"beginTransaction","extra":null},"level":200,"level_name":"INFO","channel":"s5ea07a287fd87","datetime":"2020-05-01T18:19:35.761232+02:00","extra":{}}
{"message":"Commit transaction","context":{"context":"Transactions","part":"commit","extra":null},"level":200,"level_name":"INFO","channel":"s5ea07a287fd87","datetime":"2020-05-01T18:19:35.998365+02:00","extra":{}}
{"message":"Route found for /_default/ : controllers\\MainController/index","context":{"context":"Router","part":"getRouteUrlParts","extra":null},"level":200,"level_name":"INFO","channel":"s5ea07a287fd87","datetime":"2020-05-01T18:19:39.239937+02:00","extra":{}}
{"message":"Route found for /login/(index/)? : controllers\\AuthController/index","context":{"context":"Router","part":"getRouteUrlParts","extra":null},"level":200,"level_name":"INFO","channel":"s5ea07a287fd87","datetime":"2020-05-01T18:19:42.191853+02:00","extra":{}}
{"message":"Route found for /login/connect/ : controllers\\AuthController/connect","context":{"context":"Router","part":"getRouteUrlParts","extra":null},"level":200,"level_name":"INFO","channel":"s5ea07a287fd87","datetime":"2020-05-01T18:19:50.226064+02:00","extra":{}}
{"message":"Route found for /login/(index/)? : controllers\\AuthController/index","context":{"context":"Router","part":"getRouteUrlParts","extra":null},"level":200,"level_name":"INFO","channel":"s5ea07a287fd87","datetime":"2020-05-01T18:19:54.104835+02:00","extra":{}}
{"message":"Route found for /login/signup/ : controllers\\AuthController/signup","context":{"context":"Router","part":"getRouteUrlParts","extra":null},"level":200,"level_name":"INFO","channel":"s5ea07a287fd87","datetime":"2020-05-01T18:20:00.020640+02:00","extra":{}}
{"message":"Route found for /login/_checkLogin/ : controllers\\AuthController/_checkLogin","context":{"context":"Router","part":"getRouteUrlParts","extra":null},"level":200,"level_name":"INFO","channel":"s5ea07a287fd87","datetime":"2020-05-01T18:20:09.199974+02:00","extra":{}}
{"message":"SELECT EXISTS(SELECT 1 FROM `user` WHERE login= ?)","context":{"context":"Database","part":"prepareAndFetchColumn","extra":["jc"]},"level":200,"level_name":"INFO","channel":"s5ea07a287fd87","datetime":"2020-05-01T18:20:09.325703+02:00","extra":{}}
{"message":"Route found for /login/_checkLogin/ : controllers\\AuthController/_checkLogin","context":{"context":"Router","part":"getRouteUrlParts","extra":null},"level":200,"level_name":"INFO","channel":"s5ea07a287fd87","datetime":"2020-05-01T18:20:13.494317+02:00","extra":{}}
{"message":"SELECT EXISTS(SELECT 1 FROM `user` WHERE login= ?)","context":{"context":"Database","part":"prepareAndFetchColumn","extra":["jc"]},"level":200,"level_name":"INFO","channel":"s5ea07a287fd87","datetime":"2020-05-01T18:20:13.528684+02:00","extra":{}}
{"message":"Route found for /login/_signup/ : controllers\\AuthController/_signup","context":{"context":"Router","part":"getRouteUrlParts","extra":null},"level":200,"level_name":"INFO","channel":"s5ea07a287fd87","datetime":"2020-05-01T18:20:13.604393+02:00","extra":{}}
{"message":"INSERT INTO `user` (`name`,`login`,`password`,`oauth`) VALUES(:name,:login,:password,:oauth)","context":{"context":"DAOUpdates","part":"insert","extra":null},"level":200,"level_name":"INFO","channel":"s5ea07a287fd87","datetime":"2020-05-01T18:20:13.715245+02:00","extra":{}}
{"message":"{\"name\":\"jcheron\",\"login\":\"jc\",\"password\":\"$2y$10$bRE3ZJg33v3AZV7MVLTBMe3t\\/CSei0PPi5pezWJpzHwSOKXv7zna6\",\"oauth\":null}","context":{"context":"DAOUpdates","part":"Key and values","extra":null},"level":200,"level_name":"INFO","channel":"s5ea07a287fd87","datetime":"2020-05-01T18:20:13.716215+02:00","extra":{}}
{"message":"Route found for /login/_checkLogin/ : controllers\\AuthController/_checkLogin","context":{"context":"Router","part":"getRouteUrlParts","extra":null},"level":200,"level_name":"INFO","channel":"s5ea07a287fd87","datetime":"2020-05-01T18:20:14.198617+02:00","extra":{}}
{"message":"SELECT EXISTS(SELECT 1 FROM `user` WHERE login= ?)","context":{"context":"Database","part":"prepareAndFetchColumn","extra":["jc"]},"level":200,"level_name":"INFO","channel":"s5ea07a287fd87","datetime":"2020-05-01T18:20:14.233650+02:00","extra":{}}
{"message":"Route found for /login/(index/)? : controllers\\AuthController/index","context":{"context":"Router","part":"getRouteUrlParts","extra":null},"level":200,"level_name":"INFO","channel":"s5ea07a287fd87","datetime":"2020-05-01T18:20:15.663860+02:00","extra":{}}
{"message":"Route found for /login/connect/ : controllers\\AuthController/connect","context":{"context":"Router","part":"getRouteUrlParts","extra":null},"level":200,"level_name":"INFO","channel":"s5ea07a287fd87","datetime":"2020-05-01T18:20:21.773582+02:00","extra":{}}
{"message":"Route found for /_default/ : controllers\\MainController/index","context":{"context":"Router","part":"getRouteUrlParts","extra":null},"level":200,"level_name":"INFO","channel":"s5ea07a287fd87","datetime":"2020-05-01T18:20:21.990305+02:00","extra":{}}
{"message":"Route found for /bar/ : controllers\\BarController/index","context":{"context":"Router","part":"getRouteUrlParts","extra":null},"level":200,"level_name":"INFO","channel":"s5ea07a287fd87","datetime":"2020-05-01T18:20:24.350017+02:00","extra":{}}
{"message":"Route found for /login/terminate/ : controllers\\AuthController/terminate","context":{"context":"Router","part":"getRouteUrlParts","extra":null},"level":200,"level_name":"INFO","channel":"s5ea07a287fd87","datetime":"2020-05-01T18:20:27.381138+02:00","extra":{}}
{"message":"Route found for /login/(index/)? : controllers\\AuthController/index","context":{"context":"Router","part":"getRouteUrlParts","extra":null},"level":200,"level_name":"INFO","channel":"s5ea07a287fd87","datetime":"2020-05-01T18:20:29.538738+02:00","extra":{}}
{"message":"Route found for /login/connect/ : controllers\\AuthController/connect","context":{"context":"Router","part":"getRouteUrlParts","extra":null},"level":200,"level_name":"INFO","channel":"s5ea07a287fd87","datetime":"2020-05-01T18:20:37.843264+02:00","extra":{}}
{"message":"Route found for /_default/ : controllers\\MainController/index","context":{"context":"Router","part":"getRouteUrlParts","extra":null},"level":200,"level_name":"INFO","channel":"s5ea07a287fd87","datetime":"2020-05-01T18:20:38.061018+02:00","extra":{}}
{"message":"Route found for /login/terminate/ : controllers\\AuthController/terminate","context":{"context":"Router","part":"getRouteUrlParts","extra":null},"level":200,"level_name":"INFO","channel":"s5ea07a287fd87","datetime":"2020-05-01T18:21:01.477801+02:00","extra":{}}
{"message":"Route found for /_default/ : controllers\\MainController/index","context":{"context":"Router","part":"getRouteUrlParts","extra":null},"level":200,"level_name":"INFO","channel":"s5ea07a287fd87","datetime":"2020-05-01T18:21:08.598581+02:00","extra":{}}
{"message":"Route found for /_default/ : controllers\\MainController/index","context":{"context":"Router","part":"getRouteUrlParts","extra":null},"level":200,"level_name":"INFO","channel":"s5ea07a287fd87","datetime":"2020-05-01T18:21:41.901553+02:00","extra":{}}
{"message":"Route found for /_default/ : controllers\\MainController/index","context":{"context":"Router","part":"getRouteUrlParts","extra":null},"level":200,"level_name":"INFO","channel":"s5ea07a287fd87","datetime":"2020-05-01T18:56:10.207358+02:00","extra":{}}
{"message":"Route found for /login/terminate/ : controllers\\AuthController/terminate","context":{"context":"Router","part":"getRouteUrlParts","extra":null},"level":200,"level_name":"INFO","channel":"s5ea07a287fd87","datetime":"2020-05-01T18:56:16.427649+02:00","extra":{}}
{"message":"Route found for /_default/ : controllers\\MainController/index","context":{"context":"Router","part":"getRouteUrlParts","extra":null},"level":200,"level_name":"INFO","channel":"s5ea07a287fd87","datetime":"2020-05-01T18:56:24.641339+02:00","extra":{}}
{"message":"Route found for /_default/ : controllers\\MainController/index","context":{"context":"Router","part":"getRouteUrlParts","extra":null},"level":200,"level_name":"INFO","channel":"s5ea07a287fd87","datetime":"2020-05-01T18:56:44.352049+02:00","extra":{}}
